<?xml version="1.0" encoding="UTF-8"?>
<!-- Generated by org.testng.reporters.JUnitXMLReporter -->
<testsuite ignored="0" hostname="DESKTOP-VE2MHDE" failures="0" tests="6" name="Test" time="0.052" errors="0" timestamp="2021-10-07T16:49:01 CDT">
  <testcase classname="MavenProjectPackage.RestAPITest" name="ErrorCodes" time="0.006"/>
  <testcase classname="MavenProjectPackage.RestAPITest" name="PostUI" time="0.001"/>
  <testcase classname="MavenProjectPackage.AppiumTest" name="AndroidUI" time="0.001"/>
  <testcase classname="MavenProjectPackage.AppiumTest" name="iOSAppUI" time="0.001"/>
  <testcase classname="MavenProjectPackage.SeleniumTest" name="BrowserAutomation" time="0.001"/>
  <testcase classname="MavenProjectPackage.SeleniumTest" name="ElementsUI" time="0.002"/>
</testsuite> <!-- Test -->
