<?xml version="1.0" encoding="UTF-8"?>
<!-- Generated by org.testng.reporters.JUnitXMLReporter -->
<testsuite ignored="0" hostname="DESKTOP-VE2MHDE" failures="0" tests="4" name="Surefire test" time="0.043" errors="0" timestamp="2021-10-07T15:59:52 CDT">
  <testcase classname="MavenProjectPackage.AppiumTest" name="AndroidUI" time="0.005"/>
  <testcase classname="MavenProjectPackage.AppiumTest" name="iOSAppUI" time="0.0"/>
  <testcase classname="MavenProjectPackage.RestAPITest" name="ErrorCodes" time="0.0"/>
  <testcase classname="MavenProjectPackage.RestAPITest" name="PostUI" time="0.0"/>
</testsuite> <!-- Surefire test -->
