<?xml version="1.0" encoding="UTF-8"?>
<testng-results ignored="0" total="4" passed="4" failed="0" skipped="0">
  <reporter-output>
  </reporter-output>
  <suite started-at="2021-10-07T15:59:51 CDT" name="Surefire suite" finished-at="2021-10-07T15:59:51 CDT" duration-ms="43">
    <groups>
    </groups>
    <test started-at="2021-10-07T15:59:51 CDT" name="Surefire test" finished-at="2021-10-07T15:59:51 CDT" duration-ms="43">
      <class name="MavenProjectPackage.RestAPITest">
        <test-method signature="ErrorCodes()[pri:0, instance:MavenProjectPackage.RestAPITest@36ebc363]" started-at="2021-10-07T15:59:51 CDT" name="ErrorCodes" finished-at="2021-10-07T15:59:51 CDT" duration-ms="0" status="PASS">
          <reporter-output>
          </reporter-output>
        </test-method> <!-- ErrorCodes -->
        <test-method signature="PostUI()[pri:0, instance:MavenProjectPackage.RestAPITest@36ebc363]" started-at="2021-10-07T15:59:51 CDT" name="PostUI" finished-at="2021-10-07T15:59:51 CDT" duration-ms="0" status="PASS">
          <reporter-output>
          </reporter-output>
        </test-method> <!-- PostUI -->
      </class> <!-- MavenProjectPackage.RestAPITest -->
      <class name="MavenProjectPackage.AppiumTest">
        <test-method signature="AndroidUI()[pri:0, instance:MavenProjectPackage.AppiumTest@74235045]" started-at="2021-10-07T15:59:51 CDT" name="AndroidUI" finished-at="2021-10-07T15:59:51 CDT" duration-ms="5" status="PASS">
          <reporter-output>
          </reporter-output>
        </test-method> <!-- AndroidUI -->
        <test-method signature="iOSAppUI()[pri:0, instance:MavenProjectPackage.AppiumTest@74235045]" started-at="2021-10-07T15:59:51 CDT" name="iOSAppUI" finished-at="2021-10-07T15:59:51 CDT" duration-ms="0" status="PASS">
          <reporter-output>
          </reporter-output>
        </test-method> <!-- iOSAppUI -->
      </class> <!-- MavenProjectPackage.AppiumTest -->
    </test> <!-- Surefire test -->
  </suite> <!-- Surefire suite -->
</testng-results>
