<?xml version="1.0" encoding="UTF-8"?>
<!-- Generated by org.testng.reporters.JUnitXMLReporter -->
<testsuite ignored="0" hostname="DESKTOP-VE2MHDE" failures="0" tests="4" name="Test" time="0.039" errors="0" timestamp="2021-10-07T16:47:19 CDT">
  <testcase classname="MavenProjectPackage.AppiumTest" name="AndroidUI" time="0.003"/>
  <testcase classname="MavenProjectPackage.AppiumTest" name="iOSAppUI" time="0.0"/>
  <testcase classname="MavenProjectPackage.SeleniumTest" name="BrowserAutomation" time="0.0"/>
  <testcase classname="MavenProjectPackage.SeleniumTest" name="ElementsUI" time="0.0"/>
</testsuite> <!-- Test -->
