<?xml version="1.0" encoding="UTF-8"?>
<testng-results ignored="0" total="4" passed="4" failed="0" skipped="0">
  <reporter-output>
  </reporter-output>
  <suite started-at="2021-10-07T16:47:19 CDT" name="Suite" finished-at="2021-10-07T16:47:19 CDT" duration-ms="39">
    <groups>
    </groups>
    <test started-at="2021-10-07T16:47:19 CDT" name="Test" finished-at="2021-10-07T16:47:19 CDT" duration-ms="39">
      <class name="MavenProjectPackage.SeleniumTest">
        <test-method signature="BrowserAutomation()[pri:0, instance:MavenProjectPackage.SeleniumTest@50caa560]" started-at="2021-10-07T16:47:19 CDT" name="BrowserAutomation" finished-at="2021-10-07T16:47:19 CDT" duration-ms="0" status="PASS">
          <reporter-output>
          </reporter-output>
        </test-method> <!-- BrowserAutomation -->
        <test-method signature="ElementsUI()[pri:0, instance:MavenProjectPackage.SeleniumTest@50caa560]" started-at="2021-10-07T16:47:19 CDT" name="ElementsUI" finished-at="2021-10-07T16:47:19 CDT" duration-ms="0" status="PASS">
          <reporter-output>
          </reporter-output>
        </test-method> <!-- ElementsUI -->
      </class> <!-- MavenProjectPackage.SeleniumTest -->
      <class name="MavenProjectPackage.AppiumTest">
        <test-method signature="AndroidUI()[pri:0, instance:MavenProjectPackage.AppiumTest@57250572]" started-at="2021-10-07T16:47:19 CDT" name="AndroidUI" finished-at="2021-10-07T16:47:19 CDT" duration-ms="3" status="PASS">
          <reporter-output>
          </reporter-output>
        </test-method> <!-- AndroidUI -->
        <test-method signature="iOSAppUI()[pri:0, instance:MavenProjectPackage.AppiumTest@57250572]" started-at="2021-10-07T16:47:19 CDT" name="iOSAppUI" finished-at="2021-10-07T16:47:19 CDT" duration-ms="0" status="PASS">
          <reporter-output>
          </reporter-output>
        </test-method> <!-- iOSAppUI -->
      </class> <!-- MavenProjectPackage.AppiumTest -->
    </test> <!-- Test -->
  </suite> <!-- Suite -->
</testng-results>
