<?xml version="1.0" encoding="UTF-8"?>
<testsuite xmlns:xsi="http://www.w3.org/2001/XMLSchema-instance" xsi:noNamespaceSchemaLocation="https://maven.apache.org/surefire/maven-surefire-plugin/xsd/surefire-test-report.xsd" name="TestSuite" time="0.603" tests="4" errors="0" skipped="0" failures="0">
  <properties>
[...]
</properties>
  <testcase name="AndroidUI" classname="MavenProjectPackage.AppiumTest" time="0.004"/>
  <testcase name="iOSAppUI" classname="MavenProjectPackage.AppiumTest" time="0.001"/>
  <testcase name="BrowserAutomation" classname="MavenProjectPackage.SeleniumTest" time="0"/>
  <testcase name="ElementsUI" classname="MavenProjectPackage.SeleniumTest" time="0.001"/>
</testsuite>