<?xml version="1.0" encoding="UTF-8"?>
<testng-results ignored="0" total="1" passed="1" failed="0" skipped="0">
  <reporter-output>
  </reporter-output>
  <suite started-at="2021-10-08T11:54:26 CDT" name="Default suite" finished-at="2021-10-08T11:54:28 CDT" duration-ms="2886">
    <groups>
    </groups>
    <test started-at="2021-10-08T11:54:26 CDT" name="Default test" finished-at="2021-10-08T11:54:28 CDT" duration-ms="2886">
      <class name="MavenProjectPackage.ExtentReportsDemo">
        <test-method is-config="true" signature="reportsconfig()[pri:0, instance:MavenProjectPackage.ExtentReportsDemo@16a0ee18]" started-at="2021-10-08T11:54:26 CDT" name="reportsconfig" finished-at="2021-10-08T11:54:26 CDT" duration-ms="212" status="PASS">
          <reporter-output>
          </reporter-output>
        </test-method> <!-- reportsconfig -->
        <test-method signature="initialDemo()[pri:0, instance:MavenProjectPackage.ExtentReportsDemo@16a0ee18]" started-at="2021-10-08T11:54:26 CDT" name="initialDemo" finished-at="2021-10-08T11:54:28 CDT" duration-ms="2652" status="PASS">
          <reporter-output>
          </reporter-output>
        </test-method> <!-- initialDemo -->
      </class> <!-- MavenProjectPackage.ExtentReportsDemo -->
    </test> <!-- Default test -->
  </suite> <!-- Default suite -->
</testng-results>
